2023-08-30 13:23:41.732  INFO 2591 --- [restartedMain] yumaoqiu.tick.TickApplication            : Starting TickApplication using Java 11.0.10 on winter-3.local with PID 2591 (/Users/winter/Downloads/tick/target/classes started by winter in /Users/winter/Downloads/tick)
2023-08-30 13:23:41.736  INFO 2591 --- [restartedMain] yumaoqiu.tick.TickApplication            : No active profile set, falling back to default profiles: default
2023-08-30 13:23:41.823  INFO 2591 --- [restartedMain] .e.DevToolsPropertyDefaultsPostProcessor : Devtools property defaults active! Set 'spring.devtools.add-properties' to 'false' to disable
2023-08-30 13:23:41.824  INFO 2591 --- [restartedMain] .e.DevToolsPropertyDefaultsPostProcessor : For additional web related logging consider setting the 'logging.level.web' property to 'DEBUG'
2023-08-30 13:23:42.928  INFO 2591 --- [restartedMain] o.s.b.w.embedded.tomcat.TomcatWebServer  : Tomcat initialized with port(s): 8080 (http)
2023-08-30 13:23:42.938  INFO 2591 --- [restartedMain] o.apache.catalina.core.StandardService   : Starting service [Tomcat]
2023-08-30 13:23:42.938  INFO 2591 --- [restartedMain] org.apache.catalina.core.StandardEngine  : Starting Servlet engine: [Apache Tomcat/9.0.43]
2023-08-30 13:23:42.994  INFO 2591 --- [restartedMain] o.a.c.c.C.[Tomcat].[localhost].[/]       : Initializing Spring embedded WebApplicationContext
2023-08-30 13:23:42.996  INFO 2591 --- [restartedMain] w.s.c.ServletWebServerApplicationContext : Root WebApplicationContext: initialization completed in 1170 ms
2023-08-30 13:23:43.053  INFO 2591 --- [restartedMain] f.a.AutowiredAnnotationBeanPostProcessor : Autowired annotation is not supported on static fields: private static java.lang.String yumaoqiu.tick.ScheduledTask.wxKeyValue
2023-08-30 13:23:43.053  INFO 2591 --- [restartedMain] f.a.AutowiredAnnotationBeanPostProcessor : Autowired annotation is not supported on static fields: private static java.lang.String yumaoqiu.tick.ScheduledTask.cdstringValue
2023-08-30 13:23:43.283  INFO 2591 --- [restartedMain] o.s.s.concurrent.ThreadPoolTaskExecutor  : Initializing ExecutorService 'applicationTaskExecutor'
2023-08-30 13:23:43.432  INFO 2591 --- [restartedMain] o.s.s.c.ThreadPoolTaskScheduler          : Initializing ExecutorService 'taskScheduler'
2023-08-30 13:23:43.452  INFO 2591 --- [restartedMain] o.s.b.d.a.OptionalLiveReloadServer       : LiveReload server is running on port 35729
2023-08-30 13:23:43.504  WARN 2591 --- [restartedMain] ConfigServletWebServerApplicationContext : Exception encountered during context initialization - cancelling refresh attempt: org.springframework.context.ApplicationContextException: Failed to start bean 'webServerStartStop'; nested exception is org.springframework.boot.web.server.PortInUseException: Port 8080 is already in use
2023-08-30 13:23:43.505  INFO 2591 --- [restartedMain] o.s.s.c.ThreadPoolTaskScheduler          : Shutting down ExecutorService 'taskScheduler'
2023-08-30 13:23:43.507  INFO 2591 --- [restartedMain] o.s.s.concurrent.ThreadPoolTaskExecutor  : Shutting down ExecutorService 'applicationTaskExecutor'
2023-08-30 13:23:43.512  INFO 2591 --- [restartedMain] o.apache.catalina.core.StandardService   : Stopping service [Tomcat]
2023-08-30 13:23:43.527  INFO 2591 --- [restartedMain] ConditionEvaluationReportLoggingListener : 

Error starting ApplicationContext. To display the conditions report re-run your application with 'debug' enabled.
2023-08-30 13:23:43.543 ERROR 2591 --- [restartedMain] o.s.b.d.LoggingFailureAnalysisReporter   : 

***************************
APPLICATION FAILED TO START
***************************

Description:

Web server failed to start. Port 8080 was already in use.

Action:

Identify and stop the process that's listening on port 8080 or configure this application to listen on another port.

2023-08-30 13:24:02.462  INFO 2916 --- [restartedMain] yumaoqiu.tick.TickApplication            : Starting TickApplication using Java 11.0.10 on winter-3.local with PID 2916 (/Users/winter/Downloads/tick/target/classes started by winter in /Users/winter/Downloads/tick)
2023-08-30 13:24:02.466  INFO 2916 --- [restartedMain] yumaoqiu.tick.TickApplication            : No active profile set, falling back to default profiles: default
2023-08-30 13:24:02.673  INFO 2916 --- [restartedMain] .e.DevToolsPropertyDefaultsPostProcessor : Devtools property defaults active! Set 'spring.devtools.add-properties' to 'false' to disable
2023-08-30 13:24:02.674  INFO 2916 --- [restartedMain] .e.DevToolsPropertyDefaultsPostProcessor : For additional web related logging consider setting the 'logging.level.web' property to 'DEBUG'
2023-08-30 13:24:04.709  INFO 2916 --- [restartedMain] o.s.b.w.embedded.tomcat.TomcatWebServer  : Tomcat initialized with port(s): 8080 (http)
2023-08-30 13:24:04.722  INFO 2916 --- [restartedMain] o.apache.catalina.core.StandardService   : Starting service [Tomcat]
2023-08-30 13:24:04.723  INFO 2916 --- [restartedMain] org.apache.catalina.core.StandardEngine  : Starting Servlet engine: [Apache Tomcat/9.0.43]
2023-08-30 13:24:04.796  INFO 2916 --- [restartedMain] o.a.c.c.C.[Tomcat].[localhost].[/]       : Initializing Spring embedded WebApplicationContext
2023-08-30 13:24:04.797  INFO 2916 --- [restartedMain] w.s.c.ServletWebServerApplicationContext : Root WebApplicationContext: initialization completed in 2122 ms
2023-08-30 13:24:04.873  INFO 2916 --- [restartedMain] f.a.AutowiredAnnotationBeanPostProcessor : Autowired annotation is not supported on static fields: private static java.lang.String yumaoqiu.tick.ScheduledTask.wxKeyValue
2023-08-30 13:24:04.874  INFO 2916 --- [restartedMain] f.a.AutowiredAnnotationBeanPostProcessor : Autowired annotation is not supported on static fields: private static java.lang.String yumaoqiu.tick.ScheduledTask.cdstringValue
2023-08-30 13:24:05.082  INFO 2916 --- [restartedMain] o.s.s.concurrent.ThreadPoolTaskExecutor  : Initializing ExecutorService 'applicationTaskExecutor'
2023-08-30 13:24:05.226  INFO 2916 --- [restartedMain] o.s.s.c.ThreadPoolTaskScheduler          : Initializing ExecutorService 'taskScheduler'
2023-08-30 13:24:05.246  INFO 2916 --- [restartedMain] o.s.b.d.a.OptionalLiveReloadServer       : LiveReload server is running on port 35729
2023-08-30 13:24:05.303  WARN 2916 --- [restartedMain] ConfigServletWebServerApplicationContext : Exception encountered during context initialization - cancelling refresh attempt: org.springframework.context.ApplicationContextException: Failed to start bean 'webServerStartStop'; nested exception is org.springframework.boot.web.server.PortInUseException: Port 8080 is already in use
2023-08-30 13:24:05.304  INFO 2916 --- [restartedMain] o.s.s.c.ThreadPoolTaskScheduler          : Shutting down ExecutorService 'taskScheduler'
2023-08-30 13:24:05.306  INFO 2916 --- [restartedMain] o.s.s.concurrent.ThreadPoolTaskExecutor  : Shutting down ExecutorService 'applicationTaskExecutor'
2023-08-30 13:24:05.311  INFO 2916 --- [restartedMain] o.apache.catalina.core.StandardService   : Stopping service [Tomcat]
2023-08-30 13:24:05.326  INFO 2916 --- [restartedMain] ConditionEvaluationReportLoggingListener : 

Error starting ApplicationContext. To display the conditions report re-run your application with 'debug' enabled.
2023-08-30 13:24:05.344 ERROR 2916 --- [restartedMain] o.s.b.d.LoggingFailureAnalysisReporter   : 

***************************
APPLICATION FAILED TO START
***************************

Description:

Web server failed to start. Port 8080 was already in use.

Action:

Identify and stop the process that's listening on port 8080 or configure this application to listen on another port.

2023-08-30 13:24:21.484  INFO 3282 --- [restartedMain] yumaoqiu.tick.TickApplication            : Starting TickApplication using Java 11.0.10 on winter-3.local with PID 3282 (/Users/winter/Downloads/tick/target/classes started by winter in /Users/winter/Downloads/tick)
2023-08-30 13:24:21.489  INFO 3282 --- [restartedMain] yumaoqiu.tick.TickApplication            : No active profile set, falling back to default profiles: default
2023-08-30 13:24:21.553  INFO 3282 --- [restartedMain] .e.DevToolsPropertyDefaultsPostProcessor : Devtools property defaults active! Set 'spring.devtools.add-properties' to 'false' to disable
2023-08-30 13:24:21.554  INFO 3282 --- [restartedMain] .e.DevToolsPropertyDefaultsPostProcessor : For additional web related logging consider setting the 'logging.level.web' property to 'DEBUG'
2023-08-30 13:24:22.499  INFO 3282 --- [restartedMain] o.s.b.w.embedded.tomcat.TomcatWebServer  : Tomcat initialized with port(s): 8080 (http)
2023-08-30 13:24:22.510  INFO 3282 --- [restartedMain] o.apache.catalina.core.StandardService   : Starting service [Tomcat]
2023-08-30 13:24:22.510  INFO 3282 --- [restartedMain] org.apache.catalina.core.StandardEngine  : Starting Servlet engine: [Apache Tomcat/9.0.43]
2023-08-30 13:24:22.558  INFO 3282 --- [restartedMain] o.a.c.c.C.[Tomcat].[localhost].[/]       : Initializing Spring embedded WebApplicationContext
2023-08-30 13:24:22.559  INFO 3282 --- [restartedMain] w.s.c.ServletWebServerApplicationContext : Root WebApplicationContext: initialization completed in 1004 ms
2023-08-30 13:24:22.610  INFO 3282 --- [restartedMain] f.a.AutowiredAnnotationBeanPostProcessor : Autowired annotation is not supported on static fields: private static java.lang.String yumaoqiu.tick.ScheduledTask.wxKeyValue
2023-08-30 13:24:22.610  INFO 3282 --- [restartedMain] f.a.AutowiredAnnotationBeanPostProcessor : Autowired annotation is not supported on static fields: private static java.lang.String yumaoqiu.tick.ScheduledTask.cdstringValue
2023-08-30 13:24:22.780  INFO 3282 --- [restartedMain] o.s.s.concurrent.ThreadPoolTaskExecutor  : Initializing ExecutorService 'applicationTaskExecutor'
2023-08-30 13:24:22.942  INFO 3282 --- [restartedMain] o.s.s.c.ThreadPoolTaskScheduler          : Initializing ExecutorService 'taskScheduler'
2023-08-30 13:24:22.962  INFO 3282 --- [restartedMain] o.s.b.d.a.OptionalLiveReloadServer       : LiveReload server is running on port 35729
2023-08-30 13:24:23.029  INFO 3282 --- [restartedMain] o.s.b.w.embedded.tomcat.TomcatWebServer  : Tomcat started on port(s): 8080 (http) with context path ''
2023-08-30 13:24:23.048  INFO 3282 --- [restartedMain] yumaoqiu.tick.TickApplication            : Started TickApplication in 2.134 seconds (JVM running for 3.303)
2023-08-30 13:24:34.921  INFO 3282 --- [http-nio-8080-exec-2] o.a.c.c.C.[Tomcat].[localhost].[/]       : Initializing Spring DispatcherServlet 'dispatcherServlet'
2023-08-30 13:24:34.922  INFO 3282 --- [http-nio-8080-exec-2] o.s.web.servlet.DispatcherServlet        : Initializing Servlet 'dispatcherServlet'
2023-08-30 13:24:34.923  INFO 3282 --- [http-nio-8080-exec-2] o.s.web.servlet.DispatcherServlet        : Completed initialization in 1 ms
2023-08-30 13:25:38.224  INFO 4531 --- [main] yumaoqiu.tick.TickApplicationTests       : Starting TickApplicationTests using Java 11.0.10 on winter-3.local with PID 4531 (started by winter in /Users/winter/Downloads/tick)
2023-08-30 13:25:38.228  INFO 4531 --- [main] yumaoqiu.tick.TickApplicationTests       : No active profile set, falling back to default profiles: default
2023-08-30 13:25:39.317  INFO 4531 --- [main] f.a.AutowiredAnnotationBeanPostProcessor : Autowired annotation is not supported on static fields: private static java.lang.String yumaoqiu.tick.ScheduledTask.wxKeyValue
2023-08-30 13:25:39.318  INFO 4531 --- [main] f.a.AutowiredAnnotationBeanPostProcessor : Autowired annotation is not supported on static fields: private static java.lang.String yumaoqiu.tick.ScheduledTask.cdstringValue
2023-08-30 13:25:39.903  INFO 4531 --- [main] o.s.s.concurrent.ThreadPoolTaskExecutor  : Initializing ExecutorService 'applicationTaskExecutor'
2023-08-30 13:25:40.265  INFO 4531 --- [main] o.s.s.c.ThreadPoolTaskScheduler          : Initializing ExecutorService 'taskScheduler'
2023-08-30 13:25:40.304  INFO 4531 --- [main] yumaoqiu.tick.TickApplicationTests       : Started TickApplicationTests in 2.555 seconds (JVM running for 3.968)
2023-08-30 13:25:40.923  INFO 4531 --- [SpringContextShutdownHook] o.s.s.c.ThreadPoolTaskScheduler          : Shutting down ExecutorService 'taskScheduler'
2023-08-30 13:25:40.924  INFO 4531 --- [SpringContextShutdownHook] o.s.s.concurrent.ThreadPoolTaskExecutor  : Shutting down ExecutorService 'applicationTaskExecutor'
